<?xml version="1.0" encoding="UTF-8"?>
<!-- Generated by org.testng.reporters.JUnitReportReporter -->
<testsuite hostname="Prat" failures="0" tests="4" name="api.test.UserTest2" time="8.952" errors="0" timestamp="2024-02-05T18:17:38 IST" skipped="0">
  <testcase classname="api.test.UserTest2" name="testPostUser" time="4.201"/>
  <testcase classname="api.test.UserTest2" name="testGetUserByName" time="1.089"/>
  <testcase classname="api.test.UserTest2" name="testUpdateUserByName" time="2.521"/>
  <testcase classname="api.test.UserTest2" name="testDeleteUserByName" time="1.141"/>
</testsuite> <!-- api.test.UserTest2 -->
