<?xml version="1.0" encoding="UTF-8"?>
<!-- Generated by org.testng.reporters.JUnitReportReporter -->
<testsuite hostname="Prat" failures="0" tests="6" name="api.test.DDTests" time="9.396" errors="0" timestamp="2024-02-04T12:59:53 IST" skipped="0">
  <testcase classname="api.test.DDTests" name="testPostUser" time="3.775"/>
  <testcase classname="api.test.DDTests" name="testPostUser" time="1.155"/>
  <testcase classname="api.test.DDTests" name="testPostUser" time="1.086"/>
  <testcase classname="api.test.DDTests" name="testDeleteUserByName" time="1.170"/>
  <testcase classname="api.test.DDTests" name="testDeleteUserByName" time="1.099"/>
  <testcase classname="api.test.DDTests" name="testDeleteUserByName" time="1.111"/>
</testsuite> <!-- api.test.DDTests -->
