<?xml version="1.0" encoding="UTF-8"?>
<!-- Generated by org.testng.reporters.JUnitReportReporter -->
<testsuite hostname="Prat" failures="0" tests="1" name="restassuredday4.ParsingJSONResponseData" time="2.089" errors="0" timestamp="2024-01-29T15:46:43 IST" skipped="0">
  <testcase classname="restassuredday4.ParsingJSONResponseData" name="jsonResponseBodyData" time="2.089"/>
</testsuite> <!-- restassuredday4.ParsingJSONResponseData -->
