<?xml version="1.0" encoding="UTF-8"?>
<!-- Generated by org.testng.reporters.JUnitReportReporter -->
<testsuite hostname="Prat" failures="0" tests="1" name="restassuredday8.DeleteUser" time="1.071" errors="0" timestamp="2024-02-01T12:43:14 IST" skipped="0">
  <testcase classname="restassuredday8.DeleteUser" name="deleteUser_Test" time="1.071"/>
</testsuite> <!-- restassuredday8.DeleteUser -->
