<?xml version="1.0" encoding="UTF-8"?>
<!-- Generated by org.testng.reporters.JUnitReportReporter -->
<testsuite hostname="Prat" failures="0" tests="4" name="day1.HTTPRequests" time="6.154" errors="0" timestamp="2024-01-27T10:24:14 IST" skipped="0">
  <testcase classname="day1.HTTPRequests" name="getUsers" time="3.195"/>
  <testcase classname="day1.HTTPRequests" name="postUser" time="1.300"/>
  <testcase classname="day1.HTTPRequests" name="putUser" time="0.870"/>
  <testcase classname="day1.HTTPRequests" name="deleteUser" time="0.789"/>
</testsuite> <!-- day1.HTTPRequests -->
