<?xml version="1.0" encoding="UTF-8"?>
<!-- Generated by org.testng.reporters.JUnitReportReporter -->
<testsuite hostname="Prat" failures="0" tests="1" name="restAssuredPractice.SoftAssertionsDemo" time="2.297" errors="0" timestamp="2024-08-21T21:00:42 IST" skipped="0">
  <testcase classname="restAssuredPractice.SoftAssertionsDemo" name="testSoftAssertions" time="2.297"/>
</testsuite> <!-- restAssuredPractice.SoftAssertionsDemo -->
