<?xml version="1.0" encoding="UTF-8"?>
<!-- Generated by org.testng.reporters.JUnitReportReporter -->
<testsuite hostname="Prat" failures="0" tests="1" name="restassuredday3.LoggingDemo" time="3.363" errors="0" timestamp="2024-01-29T13:45:57 IST" skipped="0">
  <testcase classname="restassuredday3.LoggingDemo" name="testLogs" time="3.363"/>
</testsuite> <!-- restassuredday3.LoggingDemo -->
