<?xml version="1.0" encoding="UTF-8"?>
<!-- Generated by org.testng.reporters.JUnitReportReporter -->
<testsuite hostname="Prat" failures="0" tests="1" name="restassuredday5.ParsingXMLresponse" time="2.748" errors="0" timestamp="2024-01-30T13:28:32 IST" skipped="0">
  <testcase classname="restassuredday5.ParsingXMLresponse" name="testXMLResponseBody" time="2.748"/>
</testsuite> <!-- restassuredday5.ParsingXMLresponse -->
