<?xml version="1.0" encoding="UTF-8"?>
<!-- Generated by org.testng.reporters.JUnitReportReporter -->
<testsuite hostname="Prat" failures="0" tests="1" name="restassuredday8.GetUser" time="1.270" errors="0" timestamp="2024-02-01T12:43:14 IST" skipped="0">
  <testcase classname="restassuredday8.GetUser" name="getUser_Test" time="1.270"/>
</testsuite> <!-- restassuredday8.GetUser -->
