<?xml version="1.0" encoding="UTF-8"?>
<!-- Generated by org.testng.reporters.JUnitReportReporter -->
<testsuite hostname="Prat" failures="0" tests="1" name="restassuredday3.HeadersDemo" time="3.163" errors="0" timestamp="2024-01-29T12:58:09 IST" skipped="0">
  <testcase classname="restassuredday3.HeadersDemo" name="getHeaders" time="3.163"/>
</testsuite> <!-- restassuredday3.HeadersDemo -->
