<?xml version="1.0" encoding="UTF-8"?>
<!-- Generated by org.testng.reporters.JUnitReportReporter -->
<testsuite hostname="Prat" failures="0" tests="6" name="testNG.testNGGroupsTest" time="0.021" errors="0" timestamp="2024-03-12T12:04:00 IST" skipped="0">
  <testcase classname="testNG.testNGGroupsTest" name="test2" time="0.008"/>
  <testcase classname="testNG.testNGGroupsTest" name="test1" time="0.005"/>
  <testcase classname="testNG.testNGGroupsTest" name="test1" time="0.003"/>
  <testcase classname="testNG.testNGGroupsTest" name="test1" time="0.002"/>
  <testcase classname="testNG.testNGGroupsTest" name="test3" time="0.002"/>
  <testcase classname="testNG.testNGGroupsTest" name="test3" time="0.001"/>
</testsuite> <!-- testNG.testNGGroupsTest -->
