<?xml version="1.0" encoding="UTF-8"?>
<!-- Generated by org.testng.reporters.JUnitReportReporter -->
<testsuite hostname="Prat" failures="0" tests="1" name="restAssuredPractice.CRUDWithRestAssured" time="2.640" errors="0" timestamp="2024-08-21T19:02:57 IST" skipped="0">
  <testcase classname="restAssuredPractice.CRUDWithRestAssured" name="createUserUsingPost" time="2.640"/>
</testsuite> <!-- restAssuredPractice.CRUDWithRestAssured -->
