<?xml version="1.0" encoding="UTF-8"?>
<!-- Generated by org.testng.reporters.JUnitReportReporter -->
<testsuite hostname="Prat" failures="0" tests="1" name="restassuredday3.CookiesDemo" time="2.604" errors="0" timestamp="2024-01-29T12:02:13 IST" skipped="0">
  <testcase classname="restassuredday3.CookiesDemo" name="getCookiesInfo" time="2.604"/>
</testsuite> <!-- restassuredday3.CookiesDemo -->
