<?xml version="1.0" encoding="UTF-8"?>
<!-- Generated by org.testng.reporters.JUnitReportReporter -->
<testsuite hostname="Prat" failures="0" tests="1" name="testNG.ParametersInXMLFileTest" time="0.010" errors="0" timestamp="2024-03-12T12:16:04 IST" skipped="0">
  <testcase classname="testNG.ParametersInXMLFileTest" name="parametersTest" time="0.010"/>
</testsuite> <!-- testNG.ParametersInXMLFileTest -->
