<?xml version="1.0" encoding="UTF-8"?>
<!-- Generated by org.testng.reporters.JUnitReportReporter -->
<testsuite hostname="Prat" failures="0" tests="1" name="designPatternDecoratorSelenium.LoginTest" time="3.976" errors="0" timestamp="2024-09-19T18:48:00 IST" skipped="0">
  <testcase classname="designPatternDecoratorSelenium.LoginTest" name="testLogin" time="3.976"/>
</testsuite> <!-- designPatternDecoratorSelenium.LoginTest -->
