<?xml version="1.0" encoding="UTF-8"?>
<!-- Generated by org.testng.reporters.JUnitReportReporter -->
<testsuite hostname="Prat" failures="0" tests="4" name="api.test.UserTest" time="8.696" errors="0" timestamp="2024-02-05T17:13:30 IST" skipped="0">
  <testcase classname="api.test.UserTest" name="testPostUser" time="4.315"/>
  <testcase classname="api.test.UserTest" name="testGetUserByName" time="1.092"/>
  <testcase classname="api.test.UserTest" name="testUpdateUserByName" time="2.184"/>
  <testcase classname="api.test.UserTest" name="testDeleteUserByName" time="1.105"/>
</testsuite> <!-- api.test.UserTest -->
