<?xml version="1.0" encoding="UTF-8"?>
<!-- Generated by org.testng.reporters.JUnitReportReporter -->
<testsuite hostname="Prat" failures="0" tests="2" name="restAssuredAutomationTest.GetAndPostExamples" time="7.287" errors="0" timestamp="2024-01-04T21:04:44 IST" skipped="0">
  <testcase classname="restAssuredAutomationTest.GetAndPostExamples" name="testPost" time="1.287"/>
  <testcase classname="restAssuredAutomationTest.GetAndPostExamples" name="testGet" time="6.000"/>
</testsuite> <!-- restAssuredAutomationTest.GetAndPostExamples -->
