<?xml version="1.0" encoding="UTF-8"?>
<!-- Generated by org.testng.reporters.JUnitReportReporter -->
<testsuite hostname="Prat" failures="0" tests="1" name="restassuredday3.PathAndQueryParameters" time="2.964" errors="0" timestamp="2024-01-29T11:01:38 IST" skipped="0">
  <testcase classname="restassuredday3.PathAndQueryParameters" name="testQueryAndPathParams" time="2.964"/>
</testsuite> <!-- restassuredday3.PathAndQueryParameters -->
