<?xml version="1.0" encoding="UTF-8"?>
<!-- Generated by org.testng.reporters.JUnitReportReporter -->
<testsuite hostname="Prat" failures="0" tests="1" name="restassuredday6.JSONSchemaValidation" time="2.526" errors="0" timestamp="2024-01-30T16:55:27 IST" skipped="0">
  <testcase classname="restassuredday6.JSONSchemaValidation" name="jsonSchemaValidation" time="2.526"/>
</testsuite> <!-- restassuredday6.JSONSchemaValidation -->
