<?xml version="1.0" encoding="UTF-8"?>
<!-- Generated by org.testng.reporters.JUnitReportReporter -->
<testsuite hostname="Prat" failures="0" tests="3" name="testNG.testNGParallelTest" time="0.012" errors="0" timestamp="2024-03-11T15:44:32 IST" skipped="0">
  <testcase classname="testNG.testNGParallelTest" name="test5" time="0.001"/>
  <testcase classname="testNG.testNGParallelTest" name="test3" time="0.010"/>
  <testcase classname="testNG.testNGParallelTest" name="test4" time="0.001"/>
</testsuite> <!-- testNG.testNGParallelTest -->
