<?xml version="1.0" encoding="UTF-8"?>
<!-- Generated by org.testng.reporters.JUnitReportReporter -->
<testsuite hostname="Prat" failures="0" tests="1" name="restassuredday6.SerializationDeserialization" time="0.417" errors="0" timestamp="2024-08-20T15:59:48 IST" skipped="0">
  <testcase classname="restassuredday6.SerializationDeserialization" name="serialization" time="0.417"/>
</testsuite> <!-- restassuredday6.SerializationDeserialization -->
