<?xml version="1.0" encoding="UTF-8"?>
<!-- Generated by org.testng.reporters.JUnitReportReporter -->
<testsuite hostname="Prat" failures="0" tests="2" name="restassuredday2.WaysToCreatePostRequestBody" time="3.217" errors="0" timestamp="2024-01-28T19:24:00 IST" skipped="0">
  <testcase classname="restassuredday2.WaysToCreatePostRequestBody" name="postUsingExternalFile" time="3.104"/>
  <testcase classname="restassuredday2.WaysToCreatePostRequestBody" name="deleteData" time="0.113"/>
</testsuite> <!-- restassuredday2.WaysToCreatePostRequestBody -->
