<?xml version="1.0" encoding="UTF-8"?>
<!-- Generated by org.testng.reporters.JUnitReportReporter -->
<testsuite hostname="Prat" failures="0" tests="1" name="restassuredday7.FakerDataGenerator" time="0.301" errors="0" timestamp="2024-02-01T10:19:11 IST" skipped="0">
  <testcase classname="restassuredday7.FakerDataGenerator" name="generateDummyData" time="0.301"/>
</testsuite> <!-- restassuredday7.FakerDataGenerator -->
