<?xml version="1.0" encoding="UTF-8"?>
<!-- Generated by org.testng.reporters.JUnitReportReporter -->
<testsuite hostname="Prat" failures="0" tests="1" name="restassuredday8.CreateUser" time="4.670" errors="0" timestamp="2024-02-01T12:43:14 IST" skipped="0">
  <testcase classname="restassuredday8.CreateUser" name="createUser_Test" time="4.670"/>
</testsuite> <!-- restassuredday8.CreateUser -->
