<?xml version="1.0" encoding="UTF-8"?>
<!-- Generated by org.testng.reporters.JUnitReportReporter -->
<testsuite hostname="Prat" failures="0" tests="1" name="restassuredday8.UpdateUser" time="1.063" errors="0" timestamp="2024-02-01T12:43:14 IST" skipped="0">
  <testcase classname="restassuredday8.UpdateUser" name="updateUser_Test" time="1.063"/>
</testsuite> <!-- restassuredday8.UpdateUser -->
