<?xml version="1.0" encoding="UTF-8"?>
<!-- Generated by org.testng.reporters.JUnitReportReporter -->
<testsuite hostname="Prat" failures="0" tests="1" name="restassuredday6.SerializationDeserialization" time="0.334" errors="0" timestamp="2024-01-31T11:57:21 IST" skipped="0">
  <testcase classname="restassuredday6.SerializationDeserialization" name="deserialize" time="0.334"/>
</testsuite> <!-- restassuredday6.SerializationDeserialization -->
