<?xml version="1.0" encoding="UTF-8"?>
<!-- Generated by org.testng.reporters.JUnitReportReporter -->
<testsuite hostname="Prat" failures="0" tests="5" name="interviewTask.PriorityAttributeDemo" time="0.011" errors="0" timestamp="2024-10-08T19:39:19 IST" skipped="2">
  <testcase classname="interviewTask.PriorityAttributeDemo" name="ctest3" time="0.001"/>
  <testcase classname="interviewTask.PriorityAttributeDemo" name="btest1" time="0.008"/>
  <testcase classname="interviewTask.PriorityAttributeDemo" name="atest2" time="0.002"/>
  <testcase classname="interviewTask.PriorityAttributeDemo" name="test5">
    <skipped/>
  </testcase> <!-- test5 -->
  <testcase classname="interviewTask.PriorityAttributeDemo" name="test4">
    <skipped/>
  </testcase> <!-- test4 -->
</testsuite> <!-- interviewTask.PriorityAttributeDemo -->
