<?xml version="1.0" encoding="UTF-8"?>
<!-- Generated by org.testng.reporters.JUnitReportReporter -->
<testsuite hostname="Prat" failures="0" tests="2" name="restassuredday5.FileUploadAndDownload" time="2.996" errors="0" timestamp="2024-01-30T15:20:31 IST" skipped="0">
  <testcase classname="restassuredday5.FileUploadAndDownload" name="fileUpload" time="2.536"/>
  <testcase classname="restassuredday5.FileUploadAndDownload" name="mulipleFileUpload" time="0.460"/>
</testsuite> <!-- restassuredday5.FileUploadAndDownload -->
