<?xml version="1.0" encoding="UTF-8"?>
<!-- Generated by org.testng.reporters.JUnitReportReporter -->
<testsuite hostname="Prat" failures="0" tests="1" name="designPatternSeleniumFactory.LoginPageTest" time="0.008" errors="0" timestamp="2024-08-30T18:30:21 IST" skipped="0">
  <testcase classname="designPatternSeleniumFactory.LoginPageTest" name="loginTest" time="0.008"/>
</testsuite> <!-- designPatternSeleniumFactory.LoginPageTest -->
