<?xml version="1.0" encoding="UTF-8"?>
<!-- Generated by org.testng.reporters.JUnitReportReporter -->
<testsuite hostname="Prat" failures="0" tests="1" name="designPatternSeleniumBuilder.RegistrationPageTest" time="5.490" errors="0" timestamp="2024-08-31T14:02:26 IST" skipped="0">
  <testcase classname="designPatternSeleniumBuilder.RegistrationPageTest" name="regsiterationTest" time="5.490"/>
</testsuite> <!-- designPatternSeleniumBuilder.RegistrationPageTest -->
