<?xml version="1.0" encoding="UTF-8"?>
<!-- Generated by org.testng.reporters.JUnitReportReporter -->
<testsuite hostname="Prat" failures="0" tests="1" name="restassuredday6.XMLSchemaValidation" time="2.342" errors="0" timestamp="2024-01-30T17:17:29 IST" skipped="0">
  <testcase classname="restassuredday6.XMLSchemaValidation" name="xmlSchemaValidation" time="2.342"/>
</testsuite> <!-- restassuredday6.XMLSchemaValidation -->
