<?xml version="1.0" encoding="UTF-8"?>
<!-- Generated by org.testng.reporters.JUnitReportReporter -->
<testsuite hostname="Prat" failures="0" tests="1" name="restAssuredAutomationTest.PutPatchAndDeleteExample" time="3.026" errors="0" timestamp="2024-01-04T22:16:40 IST" skipped="0">
  <testcase classname="restAssuredAutomationTest.PutPatchAndDeleteExample" name="testDelete" time="3.026"/>
</testsuite> <!-- restAssuredAutomationTest.PutPatchAndDeleteExample -->
