<?xml version="1.0" encoding="UTF-8"?>
<!-- Generated by org.testng.reporters.JUnitReportReporter -->
<testsuite hostname="Prat" failures="0" tests="6" name="designPatternSeleniumSingleton.SingletionSeleniumTest" time="17.702" errors="0" timestamp="2024-09-02T14:14:26 IST" skipped="0">
  <testcase classname="designPatternSeleniumSingleton.SingletionSeleniumTest" name="googleTest" time="3.297"/>
  <testcase classname="designPatternSeleniumSingleton.SingletionSeleniumTest" name="googleTest" time="2.328"/>
  <testcase classname="designPatternSeleniumSingleton.SingletionSeleniumTest" name="googleTest" time="3.884"/>
  <testcase classname="designPatternSeleniumSingleton.SingletionSeleniumTest" name="googleTest" time="1.976"/>
  <testcase classname="designPatternSeleniumSingleton.SingletionSeleniumTest" name="googleTest" time="3.904"/>
  <testcase classname="designPatternSeleniumSingleton.SingletionSeleniumTest" name="googleTest" time="2.313"/>
</testsuite> <!-- designPatternSeleniumSingleton.SingletionSeleniumTest -->
