<?xml version="1.0" encoding="UTF-8"?>
<!-- Generated by org.testng.reporters.JUnitReportReporter -->
<testsuite hostname="Prat" failures="0" tests="4" name="api.test.UserTest" time="5.641" errors="0" timestamp="2024-02-05T19:25:32 IST" skipped="0">
  <testcase classname="api.test.UserTest" name="testPostUser" time="1.215"/>
  <testcase classname="api.test.UserTest" name="testGetUserByName" time="1.100"/>
  <testcase classname="api.test.UserTest" name="testUpdateUserByName" time="2.198"/>
  <testcase classname="api.test.UserTest" name="testDeleteUserByName" time="1.128"/>
</testsuite> <!-- api.test.UserTest -->
