<?xml version="1.0" encoding="UTF-8"?>
<!-- Generated by org.testng.reporters.JUnitReportReporter -->
<testsuite hostname="Prat" failures="0" tests="4" name="api.test.UserTest2" time="8.867" errors="0" timestamp="2024-02-05T19:39:55 IST" skipped="0">
  <testcase classname="api.test.UserTest2" name="testPostUser" time="4.120"/>
  <testcase classname="api.test.UserTest2" name="testGetUserByName" time="1.170"/>
  <testcase classname="api.test.UserTest2" name="testUpdateUserByName" time="2.479"/>
  <testcase classname="api.test.UserTest2" name="testDeleteUserByName" time="1.098"/>
</testsuite> <!-- api.test.UserTest2 -->
