<?xml version="1.0" encoding="UTF-8"?>
<!-- Generated by org.testng.reporters.JUnitReportReporter -->
<testsuite hostname="Prat" failures="0" tests="6" name="api.test.DDTests" time="9.960" errors="0" timestamp="2024-02-05T19:25:32 IST" skipped="0">
  <testcase classname="api.test.DDTests" name="testPostUser" time="1.094"/>
  <testcase classname="api.test.DDTests" name="testPostUser" time="4.374"/>
  <testcase classname="api.test.DDTests" name="testPostUser" time="1.138"/>
  <testcase classname="api.test.DDTests" name="testDeleteUserByName" time="1.174"/>
  <testcase classname="api.test.DDTests" name="testDeleteUserByName" time="1.059"/>
  <testcase classname="api.test.DDTests" name="testDeleteUserByName" time="1.121"/>
</testsuite> <!-- api.test.DDTests -->
