<?xml version="1.0" encoding="UTF-8"?>
<!-- Generated by org.testng.reporters.JUnitReportReporter -->
<testsuite hostname="Prat" failures="0" tests="1" name="restAssuredAutomationTest.TestRESTAssured" time="0.234" errors="0" timestamp="2024-02-05T19:25:32 IST" skipped="0">
  <testcase classname="restAssuredAutomationTest.TestRESTAssured" name="test_1" time="0.234"/>
</testsuite> <!-- restAssuredAutomationTest.TestRESTAssured -->
